This is pdfTeX, Version 3.141592653-2.6-1.40.29 (TeX Live 2026) (preloaded format=pdflatex 2026.3.11)  11 MAR 2026 12:34
entering extended mode
 restricted \write18 enabled.
 file:line:error style messages enabled.
 %&-line parsing enabled.
**/Users/eliascrum/PhD_Things/vcf-rdfizer-testing/ECCB_2026/main.tex
(/Users/eliascrum/PhD_Things/vcf-rdfizer-testing/ECCB_2026/main.tex
LaTeX2e <2025-11-01>
L3 programming layer <2026-01-19>
(./oup-authoring-template.cls
Document Class: oup-authoring-template 2025/11/17 1.2
(/usr/local/texlive/2026/texmf-dist/tex/latex/crop/crop.sty
Package: crop 2017/11/19 1.10 crop marks (mf)
 (/usr/local/texlive/2026/texmf-dist/tex/generic/iftex/ifluatex.sty
Package: ifluatex 2019/10/25 v1.5 ifluatex legacy package. Use iftex instead.
 (/usr/local/texlive/2026/texmf-dist/tex/generic/iftex/iftex.sty
Package: iftex 2024/12/12 v1.0g TeX engine tests
))
\CROP@index=\count275
 (/usr/local/texlive/2026/texmf-dist/tex/latex/graphics/color.sty
Package: color 2025/01/14 v1.3e Standard LaTeX Color (DPC)
 (/usr/local/texlive/2026/texmf-dist/tex/latex/graphics-cfg/color.cfg
File: color.cfg 2016/01/02 v1.6 sample color configuration
)
Package color Info: Driver file: pdftex.def on input line 149.
 (/usr/local/texlive/2026/texmf-dist/tex/latex/graphics-def/pdftex.def
File: pdftex.def 2025/09/29 v1.2d Graphics/color driver for pdftex
) (/usr/local/texlive/2026/texmf-dist/tex/latex/graphics/mathcolor.ltx)) (/usr/local/texlive/2026/texmf-dist/tex/latex/graphics/graphics.sty
Package: graphics 2024/08/06 v1.4g Standard LaTeX Graphics (DPC,SPQR)
 (/usr/local/texlive/2026/texmf-dist/tex/latex/graphics/trig.sty
Package: trig 2023/12/02 v1.11 sin cos tan (DPC)
) (/usr/local/texlive/2026/texmf-dist/tex/latex/graphics-cfg/graphics.cfg
File: graphics.cfg 2016/06/04 v1.11 sample graphics configuration
)
Package graphics Info: Driver file: pdftex.def on input line 106.
)
\CROP@offset=\count276
Package crop Info: Local config file crop.cfg used on input line 622.
 (/usr/local/texlive/2026/texmf-dist/tex/xelatex/xetexconfig/crop.cfg))
==> First Aid for crop.sty applied!
(/usr/local/texlive/2026/texmf-dist/tex/latex/graphics/graphicx.sty
Package: graphicx 2024/12/31 v1.2e Enhanced LaTeX Graphics (DPC,SPQR)
 (/usr/local/texlive/2026/texmf-dist/tex/latex/graphics/keyval.sty
Package: keyval 2022/05/29 v1.15 key=value parser (DPC)
\KV@toks@=\toks17
)
\Gin@req@height=\dimen148
\Gin@req@width=\dimen149
) (/usr/local/texlive/2026/texmf-dist/tex/latex/caption/caption.sty
Package: caption 2023/08/05 v3.6o Customizing captions (AR)
 (/usr/local/texlive/2026/texmf-dist/tex/latex/caption/caption3.sty
Package: caption3 2023/07/31 v2.4d caption3 kernel (AR)
\caption@tempdima=\dimen150
\captionmargin=\dimen151
\caption@leftmargin=\dimen152
\caption@rightmargin=\dimen153
\caption@width=\dimen154
\caption@indent=\dimen155
\caption@parindent=\dimen156
\caption@hangindent=\dimen157
\abovecaptionskip=\skip49
\belowcaptionskip=\skip50
Package caption Info: Document class w/o caption stuff detected.
)
\c@caption@flags=\count277
\c@continuedfloat=\count278
) (/usr/local/texlive/2026/texmf-dist/tex/latex/amsmath/amsmath.sty
Package: amsmath 2025/07/09 v2.17z AMS math features
\@mathmargin=\skip51

For additional information on amsmath, use the `?' option.
(/usr/local/texlive/2026/texmf-dist/tex/latex/amsmath/amstext.sty
Package: amstext 2024/11/17 v2.01 AMS text
 (/usr/local/texlive/2026/texmf-dist/tex/latex/amsmath/amsgen.sty
File: amsgen.sty 1999/11/30 v2.0 generic functions
\@emptytoks=\toks18
\ex@=\dimen158
)) (/usr/local/texlive/2026/texmf-dist/tex/latex/amsmath/amsbsy.sty
Package: amsbsy 1999/11/29 v1.2d Bold Symbols
\pmbraise@=\dimen159
) (/usr/local/texlive/2026/texmf-dist/tex/latex/amsmath/amsopn.sty
Package: amsopn 2022/04/08 v2.04 operator names
)
\inf@bad=\count279
LaTeX Info: Redefining \frac on input line 233.
\uproot@=\count280
\leftroot@=\count281
LaTeX Info: Redefining \overline on input line 398.
LaTeX Info: Redefining \colon on input line 409.
\classnum@=\count282
\DOTSCASE@=\count283
LaTeX Info: Redefining \ldots on input line 495.
LaTeX Info: Redefining \dots on input line 498.
LaTeX Info: Redefining \cdots on input line 619.
\Mathstrutbox@=\box53
\strutbox@=\box54
LaTeX Info: Redefining \big on input line 721.
LaTeX Info: Redefining \Big on input line 722.
LaTeX Info: Redefining \bigg on input line 723.
LaTeX Info: Redefining \Bigg on input line 724.
\big@size=\dimen160
LaTeX Font Info:    Redeclaring font encoding OML on input line 742.
LaTeX Font Info:    Redeclaring font encoding OMS on input line 743.
\macc@depth=\count284
LaTeX Info: Redefining \bmod on input line 904.
LaTeX Info: Redefining \pmod on input line 909.
LaTeX Info: Redefining \smash on input line 939.
LaTeX Info: Redefining \relbar on input line 969.
LaTeX Info: Redefining \Relbar on input line 970.
\c@MaxMatrixCols=\count285
\dotsspace@=\muskip17
\c@parentequation=\count286
\dspbrk@lvl=\count287
\tag@help=\toks19
\row@=\count288
\column@=\count289
\maxfields@=\count290
\andhelp@=\toks20
\eqnshift@=\dimen161
\alignsep@=\dimen162
\tagshift@=\dimen163
\tagwidth@=\dimen164
\totwidth@=\dimen165
\lineht@=\dimen166
\@envbody=\toks21
\multlinegap=\skip52
\multlinetaggap=\skip53
\mathdisplay@stack=\toks22
LaTeX Info: Redefining \[ on input line 2950.
LaTeX Info: Redefining \] on input line 2951.
) (/usr/local/texlive/2026/texmf-dist/tex/latex/tools/array.sty
Package: array 2025/09/25 v2.6n Tabular extension package (FMi)
\col@sep=\dimen167
\ar@mcellbox=\box55
\extrarowheight=\dimen168
\NC@list=\toks23
\extratabsurround=\skip54
\backup@length=\skip55
\ar@cellbox=\box56
) (/usr/local/texlive/2026/texmf-dist/tex/latex/xcolor/xcolor.sty
Package: xcolor 2024/09/29 v3.02 LaTeX color extensions (UK)
 (/usr/local/texlive/2026/texmf-dist/tex/latex/graphics-cfg/color.cfg
File: color.cfg 2016/01/02 v1.6 sample color configuration
)
Package xcolor Info: Driver file: pdftex.def on input line 274.
LaTeX Info: Redefining \color on input line 762.
 (/usr/local/texlive/2026/texmf-dist/tex/latex/graphics/mathcolor.ltx)
Package xcolor Info: Model `cmy' substituted by `cmy0' on input line 1349.
Package xcolor Info: Model `hsb' substituted by `rgb' on input line 1353.
Package xcolor Info: Model `RGB' extended on input line 1365.
Package xcolor Info: Model `HTML' substituted by `rgb' on input line 1367.
Package xcolor Info: Model `Hsb' substituted by `hsb' on input line 1368.
Package xcolor Info: Model `tHsb' substituted by `hsb' on input line 1369.
Package xcolor Info: Model `HSB' substituted by `hsb' on input line 1370.
Package xcolor Info: Model `Gray' substituted by `gray' on input line 1371.
Package xcolor Info: Model `wave' substituted by `hsb' on input line 1372.
) (/usr/local/texlive/2026/texmf-dist/tex/latex/amsfonts/amssymb.sty
Package: amssymb 2013/01/14 v3.01 AMS font symbols
 (/usr/local/texlive/2026/texmf-dist/tex/latex/amsfonts/amsfonts.sty
Package: amsfonts 2013/01/14 v3.01 Basic AMSFonts support
\symAMSa=\mathgroup4
\symAMSb=\mathgroup5
LaTeX Font Info:    Redeclaring math symbol \hbar on input line 98.
LaTeX Font Info:    Overwriting math alphabet `\mathfrak' in version `bold'
(Font)                  U/euf/m/n --> U/euf/b/n on input line 106.
)) (/usr/local/texlive/2026/texmf-dist/tex/latex/sttools/flushend.sty
Package: flushend 2025/06/18 v4.3 Balancing columns in twocolumn mode (ST)
\flushend@@lastskip@a=\skip56
\flushend@@lastskip@b=\skip57
\flushend@@lastnode=\count291
\var@@loop@iter=\count292
\var@@temp@spread=\dimen169
\var@@temp@a=\dimen170
\var@@temp@loop=\dimen171
\flushend@@page@rule=\dimen172
\flushend@@varbox@lastpage=\box57
\flushend@@varbox@a=\box58
\flushend@@varbox@c=\box59
\flushend@@tempbox@a=\box60
\flushend@@tempbox@c=\box61
\flushend@@floatbox=\box62
\@viper=\box63
\hold@viper=\box64
\atColsBreak=\toks24
\atColsEnd=\toks25
\oldbreak@skip=\dimen173
) (/usr/local/texlive/2026/texmf-dist/tex/latex/sttools/stfloats.sty
Package: stfloats 2025/06/18 v3.4 Improve float mechanism and baselineskip settings
\@dblbotnum=\count293
\c@dblbotnumber=\count294
) (/usr/local/texlive/2026/texmf-dist/tex/latex/graphics/rotating.sty
Package: rotating 2025/01/14 v2.16e rotated objects in LaTeX
 (/usr/local/texlive/2026/texmf-dist/tex/latex/base/ifthen.sty
Package: ifthen 2024/03/16 v1.1e Standard LaTeX ifthen package (DPC)
)
\c@r@tfl@t=\count295
\rotFPtop=\skip58
\rotFPbot=\skip59
\rot@float@box=\box65
\rot@mess@toks=\toks26
) (/usr/local/texlive/2026/texmf-dist/tex/latex/changepage/chngpage.sty
Package: chngpage 2009/10/20 v1.2b change page layout
\c@cp@cnt=\count296
\c@cp@tempcnt=\count297
) (/usr/local/texlive/2026/texmf-dist/tex/latex/totcount/totcount.sty
Package: totcount 2011/01/25 v1.2 package for gettingthe total value of LaTeX counters
) (/usr/local/texlive/2026/texmf-dist/tex/latex/base/fix-cm.sty
Package: fix-cm 2020/11/24 v1.1t fixes to LaTeX
 (/usr/local/texlive/2026/texmf-dist/tex/latex/base/ts1enc.def
File: ts1enc.def 2001/06/05 v3.0e (jk/car/fm) Standard LaTeX file
LaTeX Font Info:    Redeclaring font encoding TS1 on input line 47.
LaTeX Encoding Info:    Redeclaring text command \capitalcedilla (encoding TS1) on input line 49.
LaTeX Encoding Info:    Redeclaring text command \capitalogonek (encoding TS1) on input line 52.
LaTeX Encoding Info:    Redeclaring text command \capitalgrave (encoding TS1) on input line 55.
LaTeX Encoding Info:    Redeclaring text command \capitalacute (encoding TS1) on input line 56.
LaTeX Encoding Info:    Redeclaring text command \capitalcircumflex (encoding TS1) on input line 57.
LaTeX Encoding Info:    Redeclaring text command \capitaltilde (encoding TS1) on input line 58.
LaTeX Encoding Info:    Redeclaring text command \capitaldieresis (encoding TS1) on input line 59.
LaTeX Encoding Info:    Redeclaring text command \capitalhungarumlaut (encoding TS1) on input line 60.
LaTeX Encoding Info:    Redeclaring text command \capitalring (encoding TS1) on input line 61.
LaTeX Encoding Info:    Redeclaring text command \capitalcaron (encoding TS1) on input line 62.
LaTeX Encoding Info:    Redeclaring text command \capitalbreve (encoding TS1) on input line 63.
LaTeX Encoding Info:    Redeclaring text command \capitalmacron (encoding TS1) on input line 64.
LaTeX Encoding Info:    Redeclaring text command \capitaldotaccent (encoding TS1) on input line 65.
LaTeX Encoding Info:    Redeclaring text command \t (encoding TS1) on input line 66.
LaTeX Encoding Info:    Redeclaring text command \capitaltie (encoding TS1) on input line 67.
LaTeX Encoding Info:    Redeclaring text command \newtie (encoding TS1) on input line 68.
LaTeX Encoding Info:    Redeclaring text command \capitalnewtie (encoding TS1) on input line 69.
LaTeX Encoding Info:    Redeclaring text symbol \textcapitalcompwordmark (encoding TS1) on input line 70.
LaTeX Encoding Info:    Redeclaring text symbol \textascendercompwordmark (encoding TS1) on input line 71.
LaTeX Encoding Info:    Redeclaring text symbol \textquotestraightbase (encoding TS1) on input line 72.
LaTeX Encoding Info:    Redeclaring text symbol \textquotestraightdblbase (encoding TS1) on input line 73.
LaTeX Encoding Info:    Redeclaring text symbol \texttwelveudash (encoding TS1) on input line 74.
LaTeX Encoding Info:    Redeclaring text symbol \textthreequartersemdash (encoding TS1) on input line 75.
LaTeX Encoding Info:    Redeclaring text symbol \textleftarrow (encoding TS1) on input line 76.
LaTeX Encoding Info:    Redeclaring text symbol \textrightarrow (encoding TS1) on input line 77.
LaTeX Encoding Info:    Redeclaring text symbol \textblank (encoding TS1) on input line 78.
LaTeX Encoding Info:    Redeclaring text symbol \textdollar (encoding TS1) on input line 79.
LaTeX Encoding Info:    Redeclaring text symbol \textquotesingle (encoding TS1) on input line 80.
LaTeX Encoding Info:    Redeclaring text command \textasteriskcentered (encoding TS1) on input line 81.
LaTeX Encoding Info:    Redeclaring text symbol \textdblhyphen (encoding TS1) on input line 92.
LaTeX Encoding Info:    Redeclaring text symbol \textfractionsolidus (encoding TS1) on input line 93.
LaTeX Encoding Info:    Redeclaring text symbol \textzerooldstyle (encoding TS1) on input line 94.
LaTeX Encoding Info:    Redeclaring text symbol \textoneoldstyle (encoding TS1) on input line 95.
LaTeX Encoding Info:    Redeclaring text symbol \texttwooldstyle (encoding TS1) on input line 96.
LaTeX Encoding Info:    Redeclaring text symbol \textthreeoldstyle (encoding TS1) on input line 97.
LaTeX Encoding Info:    Redeclaring text symbol \textfouroldstyle (encoding TS1) on input line 98.
LaTeX Encoding Info:    Redeclaring text symbol \textfiveoldstyle (encoding TS1) on input line 99.
LaTeX Encoding Info:    Redeclaring text symbol \textsixoldstyle (encoding TS1) on input line 100.
LaTeX Encoding Info:    Redeclaring text symbol \textsevenoldstyle (encoding TS1) on input line 101.
LaTeX Encoding Info:    Redeclaring text symbol \texteightoldstyle (encoding TS1) on input line 102.
LaTeX Encoding Info:    Redeclaring text symbol \textnineoldstyle (encoding TS1) on input line 103.
LaTeX Encoding Info:    Redeclaring text symbol \textlangle (encoding TS1) on input line 104.
LaTeX Encoding Info:    Redeclaring text symbol \textminus (encoding TS1) on input line 105.
LaTeX Encoding Info:    Redeclaring text symbol \textrangle (encoding TS1) on input line 106.
LaTeX Encoding Info:    Redeclaring text symbol \textmho (encoding TS1) on input line 107.
LaTeX Encoding Info:    Redeclaring text symbol \textbigcircle (encoding TS1) on input line 108.
LaTeX Encoding Info:    Redeclaring text command \textcircled (encoding TS1) on input line 109.
LaTeX Encoding Info:    Redeclaring text symbol \textohm (encoding TS1) on input line 115.
LaTeX Encoding Info:    Redeclaring text symbol \textlbrackdbl (encoding TS1) on input line 116.
LaTeX Encoding Info:    Redeclaring text symbol \textrbrackdbl (encoding TS1) on input line 117.
LaTeX Encoding Info:    Redeclaring text symbol \textuparrow (encoding TS1) on input line 118.
LaTeX Encoding Info:    Redeclaring text symbol \textdownarrow (encoding TS1) on input line 119.
LaTeX Encoding Info:    Redeclaring text symbol \textasciigrave (encoding TS1) on input line 120.
LaTeX Encoding Info:    Redeclaring text symbol \textborn (encoding TS1) on input line 121.
LaTeX Encoding Info:    Redeclaring text symbol \textdivorced (encoding TS1) on input line 122.
LaTeX Encoding Info:    Redeclaring text symbol \textdied (encoding TS1) on input line 123.
LaTeX Encoding Info:    Redeclaring text symbol \textleaf (encoding TS1) on input line 124.
LaTeX Encoding Info:    Redeclaring text symbol \textmarried (encoding TS1) on input line 125.
LaTeX Encoding Info:    Redeclaring text symbol \textmusicalnote (encoding TS1) on input line 126.
LaTeX Encoding Info:    Redeclaring text symbol \texttildelow (encoding TS1) on input line 127.
LaTeX Encoding Info:    Redeclaring text symbol \textdblhyphenchar (encoding TS1) on input line 128.
LaTeX Encoding Info:    Redeclaring text symbol \textasciibreve (encoding TS1) on input line 129.
LaTeX Encoding Info:    Redeclaring text symbol \textasciicaron (encoding TS1) on input line 130.
LaTeX Encoding Info:    Redeclaring text symbol \textacutedbl (encoding TS1) on input line 131.
LaTeX Encoding Info:    Redeclaring text symbol \textgravedbl (encoding TS1) on input line 132.
LaTeX Encoding Info:    Redeclaring text symbol \textdagger (encoding TS1) on input line 133.
LaTeX Encoding Info:    Redeclaring text symbol \textdaggerdbl (encoding TS1) on input line 134.
LaTeX Encoding Info:    Redeclaring text symbol \textbardbl (encoding TS1) on input line 135.
LaTeX Encoding Info:    Redeclaring text symbol \textperthousand (encoding TS1) on input line 136.
LaTeX Encoding Info:    Redeclaring text symbol \textbullet (encoding TS1) on input line 137.
LaTeX Encoding Info:    Redeclaring text symbol \textcelsius (encoding TS1) on input line 138.
LaTeX Encoding Info:    Redeclaring text symbol \textdollaroldstyle (encoding TS1) on input line 139.
LaTeX Encoding Info:    Redeclaring text symbol \textcentoldstyle (encoding TS1) on input line 140.
LaTeX Encoding Info:    Redeclaring text symbol \textflorin (encoding TS1) on input line 141.
LaTeX Encoding Info:    Redeclaring text symbol \textcolonmonetary (encoding TS1) on input line 142.
LaTeX Encoding Info:    Redeclaring text symbol \textwon (encoding TS1) on input line 143.
LaTeX Encoding Info:    Redeclaring text symbol \textnaira (encoding TS1) on input line 144.
LaTeX Encoding Info:    Redeclaring text symbol \textguarani (encoding TS1) on input line 145.
LaTeX Encoding Info:    Redeclaring text symbol \textpeso (encoding TS1) on input line 146.
LaTeX Encoding Info:    Redeclaring text symbol \textlira (encoding TS1) on input line 147.
LaTeX Encoding Info:    Redeclaring text symbol \textrecipe (encoding TS1) on input line 148.
LaTeX Encoding Info:    Redeclaring text symbol \textinterrobang (encoding TS1) on input line 149.
LaTeX Encoding Info:    Redeclaring text symbol \textinterrobangdown (encoding TS1) on input line 150.
LaTeX Encoding Info:    Redeclaring text symbol \textdong (encoding TS1) on input line 151.
LaTeX Encoding Info:    Redeclaring text symbol \texttrademark (encoding TS1) on input line 152.
LaTeX Encoding Info:    Redeclaring text symbol \textpertenthousand (encoding TS1) on input line 153.
LaTeX Encoding Info:    Redeclaring text symbol \textpilcrow (encoding TS1) on input line 154.
LaTeX Encoding Info:    Redeclaring text symbol \textbaht (encoding TS1) on input line 155.
LaTeX Encoding Info:    Redeclaring text symbol \textnumero (encoding TS1) on input line 156.
LaTeX Encoding Info:    Redeclaring text symbol \textdiscount (encoding TS1) on input line 157.
LaTeX Encoding Info:    Redeclaring text symbol \textestimated (encoding TS1) on input line 158.
LaTeX Encoding Info:    Redeclaring text symbol \textopenbullet (encoding TS1) on input line 159.
LaTeX Encoding Info:    Redeclaring text symbol \textservicemark (encoding TS1) on input line 160.
LaTeX Encoding Info:    Redeclaring text symbol \textlquill (encoding TS1) on input line 161.
LaTeX Encoding Info:    Redeclaring text symbol \textrquill (encoding TS1) on input line 162.
LaTeX Encoding Info:    Redeclaring text symbol \textcent (encoding TS1) on input line 163.
LaTeX Encoding Info:    Redeclaring text symbol \textsterling (encoding TS1) on input line 164.
LaTeX Encoding Info:    Redeclaring text symbol \textcurrency (encoding TS1) on input line 165.
LaTeX Encoding Info:    Redeclaring text symbol \textyen (encoding TS1) on input line 166.
LaTeX Encoding Info:    Redeclaring text symbol \textbrokenbar (encoding TS1) on input line 167.
LaTeX Encoding Info:    Redeclaring text symbol \textsection (encoding TS1) on input line 168.
LaTeX Encoding Info:    Redeclaring text symbol \textasciidieresis (encoding TS1) on input line 169.
LaTeX Encoding Info:    Redeclaring text symbol \textcopyright (encoding TS1) on input line 170.
LaTeX Encoding Info:    Redeclaring text symbol \textordfeminine (encoding TS1) on input line 171.
LaTeX Encoding Info:    Redeclaring text symbol \textcopyleft (encoding TS1) on input line 172.
LaTeX Encoding Info:    Redeclaring text symbol \textlnot (encoding TS1) on input line 173.
LaTeX Encoding Info:    Redeclaring text symbol \textcircledP (encoding TS1) on input line 174.
LaTeX Encoding Info:    Redeclaring text symbol \textregistered (encoding TS1) on input line 175.
LaTeX Encoding Info:    Redeclaring text symbol \textasciimacron (encoding TS1) on input line 176.
LaTeX Encoding Info:    Redeclaring text symbol \textdegree (encoding TS1) on input line 177.
LaTeX Encoding Info:    Redeclaring text symbol \textpm (encoding TS1) on input line 178.
LaTeX Encoding Info:    Redeclaring text symbol \texttwosuperior (encoding TS1) on input line 179.
LaTeX Encoding Info:    Redeclaring text symbol \textthreesuperior (encoding TS1) on input line 180.
LaTeX Encoding Info:    Redeclaring text symbol \textasciiacute (encoding TS1) on input line 181.
LaTeX Encoding Info:    Redeclaring text symbol \textmu (encoding TS1) on input line 182.
LaTeX Encoding Info:    Redeclaring text symbol \textparagraph (encoding TS1) on input line 183.
LaTeX Encoding Info:    Redeclaring text symbol \textperiodcentered (encoding TS1) on input line 184.
LaTeX Encoding Info:    Redeclaring text symbol \textreferencemark (encoding TS1) on input line 185.
LaTeX Encoding Info:    Redeclaring text symbol \textonesuperior (encoding TS1) on input line 186.
LaTeX Encoding Info:    Redeclaring text symbol \textordmasculine (encoding TS1) on input line 187.
LaTeX Encoding Info:    Redeclaring text symbol \textsurd (encoding TS1) on input line 188.
LaTeX Encoding Info:    Redeclaring text symbol \textonequarter (encoding TS1) on input line 189.
LaTeX Encoding Info:    Redeclaring text symbol \textonehalf (encoding TS1) on input line 190.
LaTeX Encoding Info:    Redeclaring text symbol \textthreequarters (encoding TS1) on input line 191.
LaTeX Encoding Info:    Redeclaring text symbol \texteuro (encoding TS1) on input line 192.
LaTeX Encoding Info:    Redeclaring text symbol \texttimes (encoding TS1) on input line 193.
LaTeX Encoding Info:    Redeclaring text symbol \textdiv (encoding TS1) on input line 194.
)) (/usr/local/texlive/2026/texmf-dist/tex/latex/footmisc/footmisc.sty
Package: footmisc 2025/05/09 v7.0b a miscellany of footnote facilities
\FN@temptoken=\toks27
\footnotemargin=\dimen174
Package footmisc Info: Declaring symbol style bringhurst on input line 549.
Package footmisc Info: Declaring symbol style chicago on input line 557.
Package footmisc Info: Declaring symbol style wiley on input line 566.
Package footmisc Info: Declaring symbol style lamport-robust on input line 577.
Package footmisc Info: Declaring symbol style lamport* on input line 597.
Package footmisc Info: Declaring symbol style lamport*-robust on input line 618.
)
\croppaperwidth=\dimen175
\croppaperheight=\dimen176
\Croppdfwidth=\dimen177
\Croppdfheight=\dimen178
\Trimpdfwidth=\dimen179
\Trimpdfheight=\dimen180
\CP@toff@wd=\dimen181
\CP@toff@ht=\dimen182
\CP@boff@wd=\dimen183
\CP@boff@ht=\dimen184
\CP@crop@wd=\dimen185
\CP@crop@ht=\dimen186
\CP@bled@wd=\dimen187
\CP@bled@ht=\dimen188
\CP@trim@wd=\dimen189
\CP@trim@ht=\dimen190
\c@section=\count298
\c@subsection=\count299
\c@subsubsection=\count300
\c@paragraph=\count301
\c@subparagraph=\count302
\c@figure=\count303
\c@table=\count304
\dropfromtop=\skip60
\c@myauthcount=\count305
\c@myauthcount@totc=\count306
\c@myhistorycount=\count307
\c@myhistorycount@totc=\count308
\c@myaddcount=\count309
\c@myaddcount@totc=\count310
\extraspace=\skip61
\currentpageno=\count311
\aboveskipchk=\skip62
\titlepagewd=\skip63
 (/usr/local/texlive/2026/texmf-dist/tex/latex/arydshln/arydshln.sty
Package: arydshln 2019/02/21 v1.76 
\dashlinedash=\dimen191
\dashlinegap=\dimen192
\adl@box=\box66
\adl@height=\dimen193
\adl@heightsave=\dimen194
\adl@depth=\dimen195
\adl@depthsave=\dimen196
\adl@finaldepth=\dimen197
\adl@columns=\count312
\adl@ncol=\count313
\adl@currentcolumn=\count314
\adl@currentcolumnsave=\count315
\adl@totalheight=\count316
\adl@totalheightsave=\count317
\adl@dash=\count318
\adl@gap=\count319
\adl@cla=\count320
\adl@clb=\count321
\adl@everyvbox=\toks28
\adl@LTpagetotal=\dimen198
)
==> First Aid for arydshln.sty applied!
\rotdimen=\dimen199
\tempdime=\dimen256
\temptbox=\box67
(/usr/local/texlive/2026/texmf-dist/tex/latex/natbib/natbib.sty
Package: natbib 2010/09/13 8.31b (PWD, AO)
\bibhang=\skip64
\bibsep=\skip65
LaTeX Info: Redefining \cite on input line 694.
\c@NAT@ctr=\count322
) (/usr/local/texlive/2026/texmf-dist/tex/latex/wrapfig/wrapfig.sty
\wrapoverhang=\dimen257
\WF@size=\dimen258
\c@WF@wrappedlines=\count323
\WF@box=\box68
\WF@everypar=\toks29
Package: wrapfig 2003/01/31  v 3.6
)
\wraplines=\count324
\@authorfigbox=\box69
\@authorfigboxdim=\skip66
\biofigadjskip=\skip67
 (/usr/local/texlive/2026/texmf-dist/tex/latex/amscls/amsthm.sty
Package: amsthm 2020/05/29 v2.20.6
\thm@style=\toks30
\thm@bodyfont=\toks31
\thm@headfont=\toks32
\thm@notefont=\toks33
\thm@headpunct=\toks34
\thm@preskip=\skip68
\thm@postskip=\skip69
\thm@headsep=\skip70
\dth@everypar=\toks35
) (/usr/local/texlive/2026/texmf-dist/tex/latex/subfloat/subfloat.sty
Package: subfloat 2003/08/21 version 2.14
 Package `subfloat', Version 2.14 of 2003/08/21.
\c@subfloatfiguremax=\count325
\c@subfloattablemax=\count326
) (/usr/local/texlive/2026/texmf-dist/tex/latex/multirow/multirow.sty
Package: multirow 2024/11/12 v2.9 Span multiple rows of a table
\multirow@colwidth=\skip71
\multirow@cntb=\count327
\multirow@dima=\skip72
\bigstrutjot=\dimen259
) (/usr/local/texlive/2026/texmf-dist/tex/latex/mdwtools/footnote.sty
Package: footnote 1997/01/28 1.13 Save footnotes around boxes
\fn@notes=\box70
\fn@width=\dimen260
) (/usr/local/texlive/2026/texmf-dist/tex/latex/url/url.sty
\Urlmuskip=\muskip18
Package: url 2013/09/16  ver 3.4  Verb mode for urls, etc.
) (/usr/local/texlive/2026/texmf-dist/tex/latex/jknapltx/mathrsfs.sty
Package: mathrsfs 1996/01/01 Math RSFS package v1.0 (jk)
\symrsfs=\mathgroup6
) (/usr/local/texlive/2026/texmf-dist/tex/latex/algorithms/algorithm.sty
Package: algorithm 2009/08/24 v0.1 Document Style `algorithm' - floating environment
 (/usr/local/texlive/2026/texmf-dist/tex/latex/float/float.sty
Package: float 2001/11/08 v1.3d Float enhancements (AL)
\c@float@type=\count328
\float@exts=\toks36
\float@box=\box71
\@float@everytoks=\toks37
\@floatcapt=\box72
)
\@float@every@algorithm=\toks38
\c@algorithm=\count329
) (/usr/local/texlive/2026/texmf-dist/tex/latex/algorithmicx/algorithmicx.sty
Package: algorithmicx 2005/04/27 v1.2 Algorithmicx

Document Style algorithmicx 1.2 - a greatly improved `algorithmic' style
\c@ALG@line=\count330
\c@ALG@rem=\count331
\c@ALG@nested=\count332
\ALG@tlm=\skip73
\ALG@thistlm=\skip74
\c@ALG@Lnr=\count333
\c@ALG@blocknr=\count334
\c@ALG@storecount=\count335
\c@ALG@tmpcounter=\count336
\ALG@tmplength=\skip75
) (/usr/local/texlive/2026/texmf-dist/tex/latex/algorithmicx/algpseudocode.sty
Package: algpseudocode 

Document Style - pseudocode environments for use with the `algorithmicx' style
) (/usr/local/texlive/2026/texmf-dist/tex/latex/listings/listings.sty
\lst@mode=\count337
\lst@gtempboxa=\box73
\lst@token=\toks39
\lst@length=\count338
\lst@currlwidth=\dimen261
\lst@column=\count339
\lst@pos=\count340
\lst@lostspace=\dimen262
\lst@width=\dimen263
\lst@newlines=\count341
\lst@lineno=\count342
\lst@maxwidth=\dimen264
 (/usr/local/texlive/2026/texmf-dist/tex/latex/listings/lstpatch.sty
File: lstpatch.sty 2025/11/14 1.11b (Carsten Heinz)
) (/usr/local/texlive/2026/texmf-dist/tex/latex/listings/lstmisc.sty
File: lstmisc.sty 2025/11/14 1.11b (Carsten Heinz)
\c@lstnumber=\count343
\lst@skipnumbers=\count344
\lst@framebox=\box74
) (/usr/local/texlive/2026/texmf-dist/tex/latex/listings/listings.cfg
File: listings.cfg 2025/11/14 1.11b listings configuration
))
Package: listings 2025/11/14 1.11b (Carsten Heinz)

==> First Aid for listings.sty no longer applied!
    Expected:
        2024/09/23 1.10c (Carsten Heinz)
    but found:
        2025/11/14 1.11b (Carsten Heinz)
    so I'm assuming it got fixed.
\c@@pps=\count345
\c@@ppsavesec=\count346
\c@@ppsaveapp=\count347
(/usr/local/texlive/2026/texmf-dist/tex/latex/hyperref/hyperref.sty
Package: hyperref 2026-01-29 v7.01p Hypertext links for LaTeX
 (/usr/local/texlive/2026/texmf-dist/tex/latex/kvsetkeys/kvsetkeys.sty
Package: kvsetkeys 2022-10-05 v1.19 Key value parser (HO)
) (/usr/local/texlive/2026/texmf-dist/tex/generic/kvdefinekeys/kvdefinekeys.sty
Package: kvdefinekeys 2019-12-19 v1.6 Define keys (HO)
) (/usr/local/texlive/2026/texmf-dist/tex/generic/pdfescape/pdfescape.sty
Package: pdfescape 2019/12/09 v1.15 Implements pdfTeX's escape features (HO)
 (/usr/local/texlive/2026/texmf-dist/tex/generic/ltxcmds/ltxcmds.sty
Package: ltxcmds 2023-12-04 v1.26 LaTeX kernel commands for general use (HO)
) (/usr/local/texlive/2026/texmf-dist/tex/generic/pdftexcmds/pdftexcmds.sty
Package: pdftexcmds 2020-06-27 v0.33 Utility functions of pdfTeX for LuaTeX (HO)
 (/usr/local/texlive/2026/texmf-dist/tex/generic/infwarerr/infwarerr.sty
Package: infwarerr 2019/12/03 v1.5 Providing info/warning/error messages (HO)
)
Package pdftexcmds Info: \pdf@primitive is available.
Package pdftexcmds Info: \pdf@ifprimitive is available.
Package pdftexcmds Info: \pdfdraftmode found.
)) (/usr/local/texlive/2026/texmf-dist/tex/latex/hycolor/hycolor.sty
Package: hycolor 2020-01-27 v1.10 Color options for hyperref/bookmark (HO)
) (/usr/local/texlive/2026/texmf-dist/tex/latex/hyperref/nameref.sty
Package: nameref 2026-01-29 v2.58 Cross-referencing by name of section
 (/usr/local/texlive/2026/texmf-dist/tex/latex/refcount/refcount.sty
Package: refcount 2019/12/15 v3.6 Data extraction from label references (HO)
) (/usr/local/texlive/2026/texmf-dist/tex/generic/gettitlestring/gettitlestring.sty
Package: gettitlestring 2019/12/15 v1.6 Cleanup title references (HO)
 (/usr/local/texlive/2026/texmf-dist/tex/latex/kvoptions/kvoptions.sty
Package: kvoptions 2022-06-15 v3.15 Key value format for package options (HO)
))
\c@section@level=\count348
) (/usr/local/texlive/2026/texmf-dist/tex/latex/etoolbox/etoolbox.sty
Package: etoolbox 2025/10/02 v2.5m e-TeX tools for LaTeX (JAW)
\etb@tempcnta=\count349
) (/usr/local/texlive/2026/texmf-dist/tex/generic/stringenc/stringenc.sty
Package: stringenc 2019/11/29 v1.12 Convert strings between diff. encodings (HO)
)
\@linkdim=\dimen265
\Hy@linkcounter=\count350
\Hy@pagecounter=\count351
 (/usr/local/texlive/2026/texmf-dist/tex/latex/hyperref/pd1enc.def
File: pd1enc.def 2026-01-29 v7.01p Hyperref: PDFDocEncoding definition (HO)
Now handling font encoding PD1 ...
... no UTF-8 mapping file for font encoding PD1
) (/usr/local/texlive/2026/texmf-dist/tex/generic/intcalc/intcalc.sty
Package: intcalc 2019/12/15 v1.3 Expandable calculations with integers (HO)
)
\Hy@SavedSpaceFactor=\count352
 (/usr/local/texlive/2026/texmf-dist/tex/latex/hyperref/puenc.def
File: puenc.def 2026-01-29 v7.01p Hyperref: PDF Unicode definition (HO)
Now handling font encoding PU ...
... no UTF-8 mapping file for font encoding PU
)
Package hyperref Info: Hyper figures OFF on input line 4201.
Package hyperref Info: Link nesting OFF on input line 4206.
Package hyperref Info: Hyper index ON on input line 4209.
Package hyperref Info: Plain pages OFF on input line 4216.
Package hyperref Info: Backreferencing OFF on input line 4221.
Package hyperref Info: Implicit mode ON; LaTeX internals redefined.
Package hyperref Info: Bookmarks ON on input line 4468.
\c@Hy@tempcnt=\count353
LaTeX Info: Redefining \url on input line 4807.
\XeTeXLinkMargin=\dimen266
 (/usr/local/texlive/2026/texmf-dist/tex/generic/bitset/bitset.sty
Package: bitset 2019/12/09 v1.3 Handle bit-vector datatype (HO)
 (/usr/local/texlive/2026/texmf-dist/tex/generic/bigintcalc/bigintcalc.sty
Package: bigintcalc 2019/12/15 v1.5 Expandable calculations on big integers (HO)
))
\Fld@menulength=\count354
\Field@Width=\dimen267
\Fld@charsize=\dimen268
Package hyperref Info: Hyper figures OFF on input line 6084.
Package hyperref Info: Link nesting OFF on input line 6089.
Package hyperref Info: Hyper index ON on input line 6092.
Package hyperref Info: backreferencing OFF on input line 6099.
Package hyperref Info: Link coloring OFF on input line 6104.
Package hyperref Info: Link coloring with OCG OFF on input line 6109.
Package hyperref Info: PDF/A mode OFF on input line 6114.
\Hy@abspage=\count355
\c@Item=\count356
\c@Hfootnote=\count357
)
Package hyperref Info: Driver (autodetected): hpdftex.
 (/usr/local/texlive/2026/texmf-dist/tex/latex/hyperref/hpdftex.def
File: hpdftex.def 2026-01-29 v7.01p Hyperref driver for pdfTeX
\Fld@listcount=\count358
\c@bookmark@seq@number=\count359
 (/usr/local/texlive/2026/texmf-dist/tex/latex/rerunfilecheck/rerunfilecheck.sty
Package: rerunfilecheck 2025-06-21 v1.11 Rerun checks for auxiliary files (HO)
 (/usr/local/texlive/2026/texmf-dist/tex/generic/uniquecounter/uniquecounter.sty
Package: uniquecounter 2019/12/15 v1.4 Provide unlimited unique counter (HO)
)
Package uniquecounter Info: New unique counter `rerunfilecheck' on input line 284.
)
\Hy@SectionHShift=\skip76
) (/usr/local/texlive/2026/texmf-dist/tex/latex/pgf/frontendlayer/tikz.sty (/usr/local/texlive/2026/texmf-dist/tex/latex/pgf/basiclayer/pgf.sty (/usr/local/texlive/2026/texmf-dist/tex/latex/pgf/utilities/pgfrcs.sty (/usr/local/texlive/2026/texmf-dist/tex/generic/pgf/utilities/pgfutil-common.tex
\pgfutil@everybye=\toks40
\pgfutil@tempdima=\dimen269
\pgfutil@tempdimb=\dimen270
) (/usr/local/texlive/2026/texmf-dist/tex/generic/pgf/utilities/pgfutil-latex.def
\pgfutil@abb=\box75
) (/usr/local/texlive/2026/texmf-dist/tex/generic/pgf/utilities/pgfrcs.code.tex (/usr/local/texlive/2026/texmf-dist/tex/generic/pgf/pgf.revision.tex)
Package: pgfrcs 2025-08-29 v3.1.11a (3.1.11a)
))
Package: pgf 2025-08-29 v3.1.11a (3.1.11a)
 (/usr/local/texlive/2026/texmf-dist/tex/latex/pgf/basiclayer/pgfcore.sty (/usr/local/texlive/2026/texmf-dist/tex/latex/pgf/systemlayer/pgfsys.sty (/usr/local/texlive/2026/texmf-dist/tex/generic/pgf/systemlayer/pgfsys.code.tex
Package: pgfsys 2025-08-29 v3.1.11a (3.1.11a)
 (/usr/local/texlive/2026/texmf-dist/tex/generic/pgf/utilities/pgfkeys.code.tex
\pgfkeys@pathtoks=\toks41
\pgfkeys@temptoks=\toks42
 (/usr/local/texlive/2026/texmf-dist/tex/generic/pgf/utilities/pgfkeyslibraryfiltered.code.tex
\pgfkeys@tmptoks=\toks43
))
\pgf@x=\dimen271
\pgf@y=\dimen272
\pgf@xa=\dimen273
\pgf@ya=\dimen274
\pgf@xb=\dimen275
\pgf@yb=\dimen276
\pgf@xc=\dimen277
\pgf@yc=\dimen278
\pgf@xd=\dimen279
\pgf@yd=\dimen280
\w@pgf@writea=\write3
\r@pgf@reada=\read2
\c@pgf@counta=\count360
\c@pgf@countb=\count361
\c@pgf@countc=\count362
\c@pgf@countd=\count363
\t@pgf@toka=\toks44
\t@pgf@tokb=\toks45
\t@pgf@tokc=\toks46
\pgf@sys@id@count=\count364
 (/usr/local/texlive/2026/texmf-dist/tex/generic/pgf/systemlayer/pgf.cfg
File: pgf.cfg 2025-08-29 v3.1.11a (3.1.11a)
)
Driver file for pgf: pgfsys-pdftex.def
 (/usr/local/texlive/2026/texmf-dist/tex/generic/pgf/systemlayer/pgfsys-pdftex.def
File: pgfsys-pdftex.def 2025-08-29 v3.1.11a (3.1.11a)
 (/usr/local/texlive/2026/texmf-dist/tex/generic/pgf/systemlayer/pgfsys-common-pdf.def
File: pgfsys-common-pdf.def 2025-08-29 v3.1.11a (3.1.11a)
))) (/usr/local/texlive/2026/texmf-dist/tex/generic/pgf/systemlayer/pgfsyssoftpath.code.tex
File: pgfsyssoftpath.code.tex 2025-08-29 v3.1.11a (3.1.11a)
\pgfsyssoftpath@smallbuffer@items=\count365
\pgfsyssoftpath@bigbuffer@items=\count366
) (/usr/local/texlive/2026/texmf-dist/tex/generic/pgf/systemlayer/pgfsysprotocol.code.tex
File: pgfsysprotocol.code.tex 2025-08-29 v3.1.11a (3.1.11a)
)) (/usr/local/texlive/2026/texmf-dist/tex/generic/pgf/basiclayer/pgfcore.code.tex
Package: pgfcore 2025-08-29 v3.1.11a (3.1.11a)
 (/usr/local/texlive/2026/texmf-dist/tex/generic/pgf/math/pgfmath.code.tex (/usr/local/texlive/2026/texmf-dist/tex/generic/pgf/math/pgfmathutil.code.tex) (/usr/local/texlive/2026/texmf-dist/tex/generic/pgf/math/pgfmathparser.code.tex
\pgfmath@dimen=\dimen281
\pgfmath@count=\count367
\pgfmath@box=\box76
\pgfmath@toks=\toks47
\pgfmath@stack@operand=\toks48
\pgfmath@stack@operation=\toks49
) (/usr/local/texlive/2026/texmf-dist/tex/generic/pgf/math/pgfmathfunctions.code.tex) (/usr/local/texlive/2026/texmf-dist/tex/generic/pgf/math/pgfmathfunctions.basic.code.tex) (/usr/local/texlive/2026/texmf-dist/tex/generic/pgf/math/pgfmathfunctions.trigonometric.code.tex) (/usr/local/texlive/2026/texmf-dist/tex/generic/pgf/math/pgfmathfunctions.random.code.tex) (/usr/local/texlive/2026/texmf-dist/tex/generic/pgf/math/pgfmathfunctions.comparison.code.tex) (/usr/local/texlive/2026/texmf-dist/tex/generic/pgf/math/pgfmathfunctions.base.code.tex) (/usr/local/texlive/2026/texmf-dist/tex/generic/pgf/math/pgfmathfunctions.round.code.tex) (/usr/local/texlive/2026/texmf-dist/tex/generic/pgf/math/pgfmathfunctions.misc.code.tex) (/usr/local/texlive/2026/texmf-dist/tex/generic/pgf/math/pgfmathfunctions.integerarithmetics.code.tex) (/usr/local/texlive/2026/texmf-dist/tex/generic/pgf/math/pgfmathcalc.code.tex) (/usr/local/texlive/2026/texmf-dist/tex/generic/pgf/math/pgfmathfloat.code.tex
\c@pgfmathroundto@lastzeros=\count368
)) (/usr/local/texlive/2026/texmf-dist/tex/generic/pgf/math/pgfint.code.tex) (/usr/local/texlive/2026/texmf-dist/tex/generic/pgf/basiclayer/pgfcorepoints.code.tex
File: pgfcorepoints.code.tex 2025-08-29 v3.1.11a (3.1.11a)
\pgf@picminx=\dimen282
\pgf@picmaxx=\dimen283
\pgf@picminy=\dimen284
\pgf@picmaxy=\dimen285
\pgf@pathminx=\dimen286
\pgf@pathmaxx=\dimen287
\pgf@pathminy=\dimen288
\pgf@pathmaxy=\dimen289
\pgf@xx=\dimen290
\pgf@xy=\dimen291
\pgf@yx=\dimen292
\pgf@yy=\dimen293
\pgf@zx=\dimen294
\pgf@zy=\dimen295
) (/usr/local/texlive/2026/texmf-dist/tex/generic/pgf/basiclayer/pgfcorepathconstruct.code.tex
File: pgfcorepathconstruct.code.tex 2025-08-29 v3.1.11a (3.1.11a)
\pgf@path@lastx=\dimen296
\pgf@path@lasty=\dimen297
) (/usr/local/texlive/2026/texmf-dist/tex/generic/pgf/basiclayer/pgfcorepathusage.code.tex
File: pgfcorepathusage.code.tex 2025-08-29 v3.1.11a (3.1.11a)
\pgf@shorten@end@additional=\dimen298
\pgf@shorten@start@additional=\dimen299
) (/usr/local/texlive/2026/texmf-dist/tex/generic/pgf/basiclayer/pgfcorescopes.code.tex
File: pgfcorescopes.code.tex 2025-08-29 v3.1.11a (3.1.11a)
\pgfpic=\box77
\pgf@hbox=\box78
\pgf@layerbox@main=\box79
\pgf@picture@serial@count=\count369
) (/usr/local/texlive/2026/texmf-dist/tex/generic/pgf/basiclayer/pgfcoregraphicstate.code.tex
File: pgfcoregraphicstate.code.tex 2025-08-29 v3.1.11a (3.1.11a)
\pgflinewidth=\dimen300
) (/usr/local/texlive/2026/texmf-dist/tex/generic/pgf/basiclayer/pgfcoretransformations.code.tex
File: pgfcoretransformations.code.tex 2025-08-29 v3.1.11a (3.1.11a)
\pgf@pt@x=\dimen301
\pgf@pt@y=\dimen302
\pgf@pt@temp=\dimen303
) (/usr/local/texlive/2026/texmf-dist/tex/generic/pgf/basiclayer/pgfcorequick.code.tex
File: pgfcorequick.code.tex 2025-08-29 v3.1.11a (3.1.11a)
) (/usr/local/texlive/2026/texmf-dist/tex/generic/pgf/basiclayer/pgfcoreobjects.code.tex
File: pgfcoreobjects.code.tex 2025-08-29 v3.1.11a (3.1.11a)
) (/usr/local/texlive/2026/texmf-dist/tex/generic/pgf/basiclayer/pgfcorepathprocessing.code.tex
File: pgfcorepathprocessing.code.tex 2025-08-29 v3.1.11a (3.1.11a)
) (/usr/local/texlive/2026/texmf-dist/tex/generic/pgf/basiclayer/pgfcorearrows.code.tex
File: pgfcorearrows.code.tex 2025-08-29 v3.1.11a (3.1.11a)
\pgfarrowsep=\dimen304
) (/usr/local/texlive/2026/texmf-dist/tex/generic/pgf/basiclayer/pgfcoreshade.code.tex
File: pgfcoreshade.code.tex 2025-08-29 v3.1.11a (3.1.11a)
\pgf@max=\dimen305
\pgf@sys@shading@range@num=\count370
\pgf@shadingcount=\count371
) (/usr/local/texlive/2026/texmf-dist/tex/generic/pgf/basiclayer/pgfcoreimage.code.tex
File: pgfcoreimage.code.tex 2025-08-29 v3.1.11a (3.1.11a)
) (/usr/local/texlive/2026/texmf-dist/tex/generic/pgf/basiclayer/pgfcoreexternal.code.tex
File: pgfcoreexternal.code.tex 2025-08-29 v3.1.11a (3.1.11a)
\pgfexternal@startupbox=\box80
) (/usr/local/texlive/2026/texmf-dist/tex/generic/pgf/basiclayer/pgfcorelayers.code.tex
File: pgfcorelayers.code.tex 2025-08-29 v3.1.11a (3.1.11a)
) (/usr/local/texlive/2026/texmf-dist/tex/generic/pgf/basiclayer/pgfcoretransparency.code.tex
File: pgfcoretransparency.code.tex 2025-08-29 v3.1.11a (3.1.11a)
) (/usr/local/texlive/2026/texmf-dist/tex/generic/pgf/basiclayer/pgfcorepatterns.code.tex
File: pgfcorepatterns.code.tex 2025-08-29 v3.1.11a (3.1.11a)
) (/usr/local/texlive/2026/texmf-dist/tex/generic/pgf/basiclayer/pgfcorerdf.code.tex
File: pgfcorerdf.code.tex 2025-08-29 v3.1.11a (3.1.11a)
))) (/usr/local/texlive/2026/texmf-dist/tex/generic/pgf/modules/pgfmoduleshapes.code.tex
File: pgfmoduleshapes.code.tex 2025-08-29 v3.1.11a (3.1.11a)
\pgfnodeparttextbox=\box81
) (/usr/local/texlive/2026/texmf-dist/tex/generic/pgf/modules/pgfmoduleplot.code.tex
File: pgfmoduleplot.code.tex 2025-08-29 v3.1.11a (3.1.11a)
) (/usr/local/texlive/2026/texmf-dist/tex/latex/pgf/compatibility/pgfcomp-version-0-65.sty
Package: pgfcomp-version-0-65 2025-08-29 v3.1.11a (3.1.11a)
\pgf@nodesepstart=\dimen306
\pgf@nodesepend=\dimen307
) (/usr/local/texlive/2026/texmf-dist/tex/latex/pgf/compatibility/pgfcomp-version-1-18.sty
Package: pgfcomp-version-1-18 2025-08-29 v3.1.11a (3.1.11a)
)) (/usr/local/texlive/2026/texmf-dist/tex/latex/pgf/utilities/pgffor.sty (/usr/local/texlive/2026/texmf-dist/tex/latex/pgf/utilities/pgfkeys.sty (/usr/local/texlive/2026/texmf-dist/tex/generic/pgf/utilities/pgfkeys.code.tex)) (/usr/local/texlive/2026/texmf-dist/tex/latex/pgf/math/pgfmath.sty (/usr/local/texlive/2026/texmf-dist/tex/generic/pgf/math/pgfmath.code.tex)) (/usr/local/texlive/2026/texmf-dist/tex/generic/pgf/utilities/pgffor.code.tex
Package: pgffor 2025-08-29 v3.1.11a (3.1.11a)
\pgffor@iter=\dimen308
\pgffor@skip=\dimen309
\pgffor@stack=\toks50
\pgffor@toks=\toks51
)) (/usr/local/texlive/2026/texmf-dist/tex/generic/pgf/frontendlayer/tikz/tikz.code.tex
Package: tikz 2025-08-29 v3.1.11a (3.1.11a)
 (/usr/local/texlive/2026/texmf-dist/tex/generic/pgf/libraries/pgflibraryplothandlers.code.tex
File: pgflibraryplothandlers.code.tex 2025-08-29 v3.1.11a (3.1.11a)
\pgf@plot@mark@count=\count372
\pgfplotmarksize=\dimen310
)
\tikz@lastx=\dimen311
\tikz@lasty=\dimen312
\tikz@lastxsaved=\dimen313
\tikz@lastysaved=\dimen314
\tikz@lastmovetox=\dimen315
\tikz@lastmovetoy=\dimen316
\tikzleveldistance=\dimen317
\tikzsiblingdistance=\dimen318
\tikz@figbox=\box82
\tikz@figbox@bg=\box83
\tikz@tempbox=\box84
\tikz@tempbox@bg=\box85
\tikztreelevel=\count373
\tikznumberofchildren=\count374
\tikznumberofcurrentchild=\count375
\tikz@fig@count=\count376
 (/usr/local/texlive/2026/texmf-dist/tex/generic/pgf/modules/pgfmodulematrix.code.tex
File: pgfmodulematrix.code.tex 2025-08-29 v3.1.11a (3.1.11a)
\pgfmatrixcurrentrow=\count377
\pgfmatrixcurrentcolumn=\count378
\pgf@matrix@numberofcolumns=\count379
)
\tikz@expandcount=\count380
 (/usr/local/texlive/2026/texmf-dist/tex/generic/pgf/frontendlayer/tikz/libraries/tikzlibrarytopaths.code.tex
File: tikzlibrarytopaths.code.tex 2025-08-29 v3.1.11a (3.1.11a)
))) (/usr/local/texlive/2026/texmf-dist/tex/generic/pgf/frontendlayer/tikz/libraries/tikzlibrarysvg.path.code.tex
File: tikzlibrarysvg.path.code.tex 2025-08-29 v3.1.11a (3.1.11a)
 (/usr/local/texlive/2026/texmf-dist/tex/generic/pgf/libraries/pgflibrarysvg.path.code.tex
File: pgflibrarysvg.path.code.tex 2025-08-29 v3.1.11a (3.1.11a)
 (/usr/local/texlive/2026/texmf-dist/tex/generic/pgf/modules/pgfmoduleparser.code.tex
File: pgfmoduleparser.code.tex 2025-08-29 v3.1.11a (3.1.11a)
\pgfparserdef@arg@count=\count381
)
\pgf@lib@svg@last@x=\dimen319
\pgf@lib@svg@last@y=\dimen320
\pgf@lib@svg@last@c@x=\dimen321
\pgf@lib@svg@last@c@y=\dimen322
\pgf@lib@svg@count=\count382
\pgf@lib@svg@max@num=\count383
)) (/usr/local/texlive/2026/texmf-dist/tex/generic/pgf/frontendlayer/tikz/libraries/tikzlibrarydecorations.markings.code.tex (/usr/local/texlive/2026/texmf-dist/tex/generic/pgf/frontendlayer/tikz/libraries/tikzlibrarydecorations.code.tex (/usr/local/texlive/2026/texmf-dist/tex/generic/pgf/modules/pgfmoduledecorations.code.tex
\pgfdecoratedcompleteddistance=\dimen323
\pgfdecoratedremainingdistance=\dimen324
\pgfdecoratedinputsegmentcompleteddistance=\dimen325
\pgfdecoratedinputsegmentremainingdistance=\dimen326
\pgf@decorate@distancetomove=\dimen327
\pgf@decorate@repeatstate=\count384
\pgfdecorationsegmentamplitude=\dimen328
\pgfdecorationsegmentlength=\dimen329
)
\tikz@lib@dec@box=\box86
) (/usr/local/texlive/2026/texmf-dist/tex/generic/pgf/libraries/decorations/pgflibrarydecorations.markings.code.tex))
\@curXheight=\skip77
\c@boxnumcnt=\count385
 (/usr/local/texlive/2026/texmf-dist/tex/latex/silence/silence.sty
Package: silence 2012/07/02 v1.5b Selective filtering of warnings and error messages
\sl@Save=\count386
\sl@StateNumber=\count387
\sl@MessageCount=\count388
\sl@Casualties=\count389
\sl@Filter=\toks52
\sl@Message=\toks53
\sl@UnexpandedMessage=\toks54
\sl@Mess@ge=\toks55
\sl@WarningCount=\count390
\sl@WarningNumber=\count391
\sl@WarningCasualties=\count392
\sl@TempBOW=\toks56
\sl@BankOfWarnings=\toks57
LaTeX Info: Redefining \GenericWarning on input line 433.
\sl@ErrorCount=\count393
\sl@ErrorNumber=\count394
\sl@ErrorCasualties=\count395
\sl@TempBOE=\toks58
\sl@BankOfErrors=\toks59
LaTeX Info: Redefining \GenericError on input line 601.
)
runsystem(texcount -total -inc main.tex > wordcount.txt)...disabled (restricted).

) (/usr/local/texlive/2026/texmf-dist/tex/latex/booktabs/booktabs.sty
Package: booktabs 2020/01/12 v1.61803398 Publication quality tables
\heavyrulewidth=\dimen330
\lightrulewidth=\dimen331
\cmidrulewidth=\dimen332
\belowrulesep=\dimen333
\belowbottomsep=\dimen334
\aboverulesep=\dimen335
\abovetopsep=\dimen336
\cmidrulesep=\dimen337
\cmidrulekern=\dimen338
\defaultaddspace=\dimen339
\@cmidla=\count396
\@cmidlb=\count397
\@aboverulesep=\dimen340
\@belowrulesep=\dimen341
\@thisruleclass=\count398
\@lastruleclass=\count399
\@thisrulewidth=\dimen342
) (/usr/local/texlive/2026/texmf-dist/tex/latex/tools/tabularx.sty
Package: tabularx 2023/12/11 v2.12a `tabularx' package (DPC)
\TX@col@width=\dimen343
\TX@old@table=\dimen344
\TX@old@col=\dimen345
\TX@target=\dimen346
\TX@delta=\dimen347
\TX@cols=\count400
\TX@ftn=\toks60
) (/usr/local/texlive/2026/texmf-dist/tex/latex/siunitx/siunitx.sty
Package: siunitx 2025-07-09 v3.4.14 A comprehensive (SI) units package
\l__siunitx_number_uncert_offset_int=\count401
\l__siunitx_number_exponent_fixed_int=\count402
\l__siunitx_number_min_decimal_int=\count403
\l__siunitx_number_min_integer_int=\count404
\l__siunitx_number_round_precision_int=\count405
\l__siunitx_number_lower_threshold_int=\count406
\l__siunitx_number_upper_threshold_int=\count407
\l__siunitx_number_group_first_int=\count408
\l__siunitx_number_group_size_int=\count409
\l__siunitx_number_group_minimum_int=\count410
\l__siunitx_angle_tmp_dim=\dimen348
\l__siunitx_angle_marker_box=\box87
\l__siunitx_angle_unit_box=\box88
\l__siunitx_compound_count_int=\count411
 (/usr/local/texlive/2026/texmf-dist/tex/latex/translations/translations.sty
Package: translations 2022/02/05 v1.12 internationalization of LaTeX2e packages (CN)
)
\l__siunitx_table_tmp_box=\box89
\l__siunitx_table_tmp_dim=\dimen349
\l__siunitx_table_column_width_dim=\dimen350
\l__siunitx_table_integer_box=\box90
\l__siunitx_table_decimal_box=\box91
\l__siunitx_table_uncert_box=\box92
\l__siunitx_table_before_box=\box93
\l__siunitx_table_after_box=\box94
\l__siunitx_table_before_dim=\dimen351
\l__siunitx_table_carry_dim=\dimen352
\l__siunitx_unit_tmp_int=\count412
\l__siunitx_unit_position_int=\count413
\l__siunitx_unit_total_int=\count414
) (/usr/local/texlive/2026/texmf-dist/tex/latex/placeins/placeins.sty
Package: placeins 2005/04/18  v 2.2
)

Package siunitx Info: Option "detect-all" has been deprecated in this release.
(siunitx)             
(siunitx)             Use "mode = match, propagate-math-font = true,
(siunitx)             reset-math-version = false, reset-text-family = false,
(siunitx)             reset-text-series = false, reset-text-shape = false,
(siunitx)             text-family-to-math = true, text-series-to-math = true"
(siunitx)             as a replacement.


Package siunitx Info: Option "detect-weight" has been deprecated in this
(siunitx)             release.
(siunitx)             
(siunitx)             Use "reset-text-series = false, text-series-to-math =
(siunitx)             true" as a replacement.


Package siunitx Info: Option "detect-family" has been deprecated in this
(siunitx)             release.
(siunitx)             
(siunitx)             Use "reset-text-family = false, text-family-to-math =
(siunitx)             true" as a replacement.

Package translations Info: No language package found. I am going to use `english' as default language. on input line 44.
 (/usr/local/texlive/2026/texmf-dist/tex/latex/l3backend/l3backend-pdftex.def
File: l3backend-pdftex.def 2025-10-09 L3 backend support: PDF output (pdfTeX)
\l__color_backend_stack_int=\count415
)

LaTeX Warning: Unused global option(s):
    [unnumsec,webpdf,contemporary,large].

(./main.aux)
\openout1 = `main.aux'.

LaTeX Font Info:    Checking defaults for OML/cmm/m/it on input line 44.
LaTeX Font Info:    ... okay on input line 44.
LaTeX Font Info:    Checking defaults for OMS/cmsy/m/n on input line 44.
LaTeX Font Info:    ... okay on input line 44.
LaTeX Font Info:    Checking defaults for OT1/cmr/m/n on input line 44.
LaTeX Font Info:    ... okay on input line 44.
LaTeX Font Info:    Checking defaults for T1/cmr/m/n on input line 44.
LaTeX Font Info:    ... okay on input line 44.
LaTeX Font Info:    Checking defaults for TS1/cmr/m/n on input line 44.
LaTeX Font Info:    ... okay on input line 44.
LaTeX Font Info:    Checking defaults for OMX/cmex/m/n on input line 44.
LaTeX Font Info:    ... okay on input line 44.
LaTeX Font Info:    Checking defaults for U/cmr/m/n on input line 44.
LaTeX Font Info:    ... okay on input line 44.
LaTeX Font Info:    Checking defaults for PD1/pdf/m/n on input line 44.
LaTeX Font Info:    ... okay on input line 44.
LaTeX Font Info:    Checking defaults for PU/pdf/m/n on input line 44.
LaTeX Font Info:    ... okay on input line 44.
 (/usr/local/texlive/2026/texmf-dist/tex/context/base/mkii/supp-pdf.mkii
[Loading MPS to PDF converter (version 2006.09.02).]
\scratchcounter=\count416
\scratchdimen=\dimen353
\scratchbox=\box95
\nofMPsegments=\count417
\nofMParguments=\count418
\everyMPshowfont=\toks61
\MPscratchCnt=\count419
\MPscratchDim=\dimen354
\MPnumerator=\count420
\makeMPintoPDFobject=\count421
\everyMPtoPDFconversion=\toks62
) (/usr/local/texlive/2026/texmf-dist/tex/latex/epstopdf-pkg/epstopdf-base.sty
Package: epstopdf-base 2020-01-24 v2.11 Base part for package epstopdf
 (/usr/local/texlive/2026/texmf-dist/tex/latex/grfext/grfext.sty
Package: grfext 2019/12/03 v1.3 Manage graphics extensions (HO)
)
Package epstopdf-base Info: Redefining graphics rule for `.eps' on input line 485.
Package grfext Info: Graphics extension search list:
(grfext)             [.pdf,.png,.jpg,.mps,.jpeg,.jbig2,.jb2,.PDF,.PNG,.JPG,.JPEG,.JBIG2,.JB2,.eps]
(grfext)             \AppendGraphicsExtensions on input line 504.
 (/usr/local/texlive/2026/texmf-dist/tex/latex/latexconfig/epstopdf-sys.cfg
File: epstopdf-sys.cfg 2010/07/13 v1.3 Configuration of (r)epstopdf for TeX Live
))
Package crop Info: requested driver: `' on input line 44.
Package crop Info: detected driver: `pdftex' on input line 44.
Package crop Info: using `pdftex' graphics driver on input line 44.
Package caption Info: Begin \AtBeginDocument code.
Package caption Info: float package is loaded.
Package caption Info: hyperref package is loaded.
Package caption Info: listings package is loaded.
Package caption Info: rotating package is loaded.
Package caption Info: wrapfig package is loaded.
Package caption Info: End \AtBeginDocument code.
LaTeX Font Info:    Redeclaring symbol font `AMSa' on input line 44.
LaTeX Font Info:    Overwriting symbol font `AMSa' in version `normal'
(Font)                  U/msa/m/n --> U/msa/m/n on input line 44.
LaTeX Font Info:    Overwriting symbol font `AMSa' in version `bold'
(Font)                  U/msa/m/n --> U/msa/m/n on input line 44.
 (/usr/local/texlive/2026/texmf-dist/tex/latex/anyfontsize/anyfontsize.sty
Package: anyfontsize 2007/11/22 anyfontsize.sty by pts
)
\c@lstlisting=\count422
Package hyperref Info: Link coloring OFF on input line 44.
 (./main.out) (./main.out)
\@outlinefile=\write4
\openout4 = `main.out'.

 (/usr/local/texlive/2026/texmf-dist/tex/latex/translations/translations-basic-dictionary-english.trsl
File: translations-basic-dictionary-english.trsl (english translation file `translations-basic-dictionary')
)
Package translations Info: loading dictionary `translations-basic-dictionary' for `english'. on input line 44.
LaTeX Font Info:    Calculating math sizes for size <12.045> on input line 92.
LaTeX Font Info:    Trying to load font information for U+msa on input line 92.
 (/usr/local/texlive/2026/texmf-dist/tex/latex/amsfonts/umsa.fd
File: umsa.fd 2013/01/14 v3.01 AMS symbols A
)
LaTeX Font Info:    Trying to load font information for U+msb on input line 92.
 (/usr/local/texlive/2026/texmf-dist/tex/latex/amsfonts/umsb.fd
File: umsb.fd 2013/01/14 v3.01 AMS symbols B
)
LaTeX Font Info:    Trying to load font information for U+rsfs on input line 92.
 (/usr/local/texlive/2026/texmf-dist/tex/latex/jknapltx/ursfs.fd
File: ursfs.fd 1998/03/24 rsfs font definition file (jk)
)
LaTeX Font Info:    Calculating math sizes for size <8.43146> on input line 92.
LaTeX Font Info:    Calculating math sizes for size <7.02625> on input line 92.
LaTeX Font Info:    Calculating math sizes for size <4.91833> on input line 92.

Underfull \hbox (badness 1852) in paragraph at lines 96--100
\OT1/cmr/m/n/8.03 require integration of variant calls with additional contextual
 []


Underfull \hbox (badness 5533) in paragraph at lines 96--100
\OT1/cmr/m/n/8.03 information, including sample- and patient-level descriptors,
 []


Underfull \hbox (badness 1215) in paragraph at lines 101--106
[]\OT1/cmr/m/n/8.03 While VCF provides a compact and expressive encoding of
 []


Underfull \hbox (badness 1122) in paragraph at lines 101--106
\OT1/cmr/m/n/8.03 protection, where fine-grained and machine-interpretable access
 []


Underfull \hbox (badness 1400) in paragraph at lines 101--106
\OT1/cmr/m/n/8.03 variant data in a form that can accommodate similar policy
 []


Underfull \vbox (badness 10000) has occurred while \output is active []


Underfull \vbox (badness 10000) has occurred while \output is active []

LaTeX Font Info:    Calculating math sizes for size <8.03> on input line 112.

Overfull \hbox (11.38107pt too wide) has occurred while \output is active
[][][] []
 []

[1
Non-PDF special ignored!
<special> ps: [{ThisPage} << /CropBox [0 0 595.82918 782.7922] >> /PUT pdfm...
{/usr/local/texlive/2026/texmf-var/fonts/map/pdftex/updmap/pdftex.map}



{/usr/local/texlive/2026/texmf-dist/fonts/enc/dvips/cm-super/cm-super-ts1.enc}]
Underfull \hbox (badness 1077) in paragraph at lines 120--125
\OT1/cmr/m/n/8.03 contain semi-structured or multi-valued annotations; FORMAT
 []


Underfull \hbox (badness 1303) in paragraph at lines 120--125
\OT1/cmr/m/n/8.03 information within a shared variant record. This combination
 []


Underfull \hbox (badness 2269) in paragraph at lines 134--139
\OT1/cmr/m/n/8.03 of human genomic variants, while FALDO ([]) standardizes
 []


Underfull \hbox (badness 1817) in paragraph at lines 134--139
\OT1/cmr/m/n/8.03 ([]) defines controlled vocabularies for sequence features and
 []


Underfull \hbox (badness 1067) in paragraph at lines 134--139
\OT1/cmr/m/n/8.03 genotype and sample-level semantics. Domain-specific resources
 []


Underfull \vbox (badness 10000) has occurred while \output is active []


Underfull \hbox (badness 1077) in paragraph at lines 140--143
\OT1/cmr/m/n/8.03 challenges remain regarding completeness, extensibility, tooling
 []


Underfull \hbox (badness 1215) in paragraph at lines 162--169
[]\OT1/cmr/m/n/8.03 RDF can be serialized in formats such as N-Triples or N-
 []


Underfull \vbox (badness 10000) has occurred while \output is active []

 [2
Non-PDF special ignored!
<special> ps: [{ThisPage} << /CropBox [0 0 595.82918 782.7922] >> /PUT pdfm...
]
Underfull \hbox (badness 1097) in paragraph at lines 171--173
\OT1/cmr/m/n/8.03 that is aligned with established ontologies: []$\OT1/cmtt/m/n/8.03 https : / / w3id . org /
 []

<vcf2rdf.pdf, id=214, 490.08093pt x 304.13625pt>
File: vcf2rdf.pdf Graphic file (type pdf)
<use vcf2rdf.pdf>
Package pdftex.def Info: vcf2rdf.pdf  used on input line 181.
(pdftex.def)             Requested size: 473.73515pt x 294.00012pt.

Overfull \hbox (1.71248pt too wide) in paragraph at lines 192--195
\OT1/cmr/m/n/8.03 ([]$\OT1/cmtt/m/n/8.03 https : / / w3id . org / vcf-[]rdfizer / vocab#$[]\OT1/cmr/m/n/8.03 ) with established ontologies
 []


Underfull \hbox (badness 1019) in paragraph at lines 192--195
\OT1/cmr/m/n/8.03 represented with FALDO ([]), variant typing aligns with the
 []


Underfull \hbox (badness 2111) in paragraph at lines 192--195
\OT1/cmr/m/n/8.03 Sequence Ontology ([]), and genotype/sample constructs are
 []


Underfull \hbox (badness 2409) in paragraph at lines 196--199
[]\OT1/cmr/m/n/8.03 The model preserves three information layers: variant-level
 []


Underfull \hbox (badness 4403) in paragraph at lines 196--199
\OT1/cmr/m/n/8.03 assertions, genotype/sample assertions, and metadata/header
 []

<class-hierarchy-paper.png, id=219, 828.09375pt x 421.575pt>
File: class-hierarchy-paper.png Graphic file (type png)
<use class-hierarchy-paper.png>
Package pdftex.def Info: class-hierarchy-paper.png  used on input line 201.
(pdftex.def)             Requested size: 473.73515pt x 241.18152pt.
LaTeX Font Info:    Calculating math sizes for size <7.52812> on input line 207.

Underfull \vbox (badness 10000) has occurred while \output is active []


Underfull \hbox (badness 4366) in paragraph at lines 220--223
[]\OT1/cmr/m/n/8.03 Mappings are authored in Turtle as modular RML rule
 []


Underfull \hbox (badness 1057) in paragraph at lines 224--226
\OT1/cmr/m/n/8.03 interface (RMLStreamer-v2.5.0-standalone.jar) with default Java
 []


Underfull \hbox (badness 2359) in paragraph at lines 227--231
\OT1/cmr/m/n/8.03 For both transformations, we tracked the same performance
 []


Underfull \hbox (badness 5908) in paragraph at lines 227--231
\OT1/cmr/m/n/8.03 indicators|user time, wall time, input size, and output
 []


Underfull \hbox (badness 1253) in paragraph at lines 227--231
\OT1/cmr/m/n/8.03 used a compression level of 7 out of 11 because preliminary
 []


Underfull \hbox (badness 1199) in paragraph at lines 246--250
\OT1/cmr/m/n/8.03 triple counts to support reproducible performance comparisons
 []

[3
Non-PDF special ignored!
<special> ps: [{ThisPage} << /CropBox [0 0 595.82918 782.7922] >> /PUT pdfm...
] [4
Non-PDF special ignored!
<special> ps: [{ThisPage} << /CropBox [0 0 595.82918 782.7922] >> /PUT pdfm...
 <./vcf2rdf.pdf> <./class-hierarchy-paper.png>]
Overfull \hbox (4.72838pt too wide) in paragraph at lines 258--261
\OT1/cmr/m/n/8.03 Table []1[] summarizes conversion performance across three representative
 []


Underfull \hbox (badness 1052) in paragraph at lines 258--261
\OT1/cmr/m/n/8.03 VCF datasets. Input sizes ranged from 387.9--1233.0 MB and
 []

LaTeX Font Info:    Font shape `OT1/cmtt/bx/n' in size <7> not available
(Font)              Font shape `OT1/cmtt/m/n' tried instead on input line 275.

Underfull \hbox (badness 1043) in paragraph at lines 291--294
\OT1/cmr/m/n/8.03 seconds (10.4--14.5 minutes), while peak RSS remained within
 []


Underfull \hbox (badness 1668) in paragraph at lines 295--297
[]\OT1/cmr/m/n/8.03 Figure []3[] complements Table []1[] by showing size, wall-time,
 []

<combined_metrics_figure.png, id=364, 939.51pt x 1011.78pt>
File: combined_metrics_figure.png Graphic file (type png)
<use combined_metrics_figure.png>
Package pdftex.def Info: combined_metrics_figure.png  used on input line 301.
(pdftex.def)             Requested size: 353.34755pt x 380.52814pt.

Underfull \hbox (badness 1122) in paragraph at lines 313--315
\OT1/cmr/m/n/8.03 enabled consistent field-level extraction and stable downstream
 []


Underfull \hbox (badness 1253) in paragraph at lines 327--330
\OT1/cmr/m/n/8.03 to a 93.26--94.68% reduction versus uncompressed RDF. HDT
 []


Underfull \hbox (badness 4036) in paragraph at lines 332--335
\OT1/cmr/m/n/8.03 Gzip reduced RDF size to 883.2--1271.7 MB (96.64--97.17%
 []


Underfull \hbox (badness 2573) in paragraph at lines 346--350
\OT1/cmr/m/n/8.03 Applying general-purpose compression after HDT yielded the
 []


Underfull \hbox (badness 2486) in paragraph at lines 346--350
\OT1/cmr/m/n/8.03 overhead ($\OMS/cmsy/m/n/8.03 ^^X$\OT1/cmr/m/n/8.03 4 MB RSS). HDT+brotli achieved the strongest
 []

[5
Non-PDF special ignored!
<special> ps: [{ThisPage} << /CropBox [0 0 595.82918 782.7922] >> /PUT pdfm...
]
Underfull \vbox (badness 10000) has occurred while \output is active []


Underfull \hbox (badness 1762) in paragraph at lines 400--403
\OT1/cmr/m/n/8.03 addressing both structural heterogeneity and gaps in existing
 []


Underfull \hbox (badness 1436) in paragraph at lines 400--403
\OT1/cmr/m/n/8.03 important aspects of genomic variation|including FALDO for
 []

[6
Non-PDF special ignored!
<special> ps: [{ThisPage} << /CropBox [0 0 595.82918 782.7922] >> /PUT pdfm...
 <./combined_metrics_figure.png>]
Underfull \hbox (badness 2237) in paragraph at lines 420--422
\OT1/cmr/m/n/8.03 exercise requiring explicit design decisions regarding identifier
 []


Underfull \hbox (badness 1014) in paragraph at lines 431--432
\OT1/cmr/m/n/8.03 If maximizing size reduction is more important than runtime,
 []


Underfull \hbox (badness 2005) in paragraph at lines 433--439
[]\OT1/cmr/m/n/8.03 HDT (Header{Dictionary{Triples) provides one of the most
 []


Underfull \hbox (badness 1082) in paragraph at lines 433--439
\OT1/cmr/m/n/8.03 compelling compression approaches for RDF data, particularly
 []


Underfull \hbox (badness 2165) in paragraph at lines 433--439
\OT1/cmr/m/n/8.03 of a header, a dictionary of terms, and a highly compact
 []


Underfull \hbox (badness 2799) in paragraph at lines 444--445
\OT1/cmr/m/n/8.03 Stable IRIs and ontology-aligned predicates provide a direct
 []


Underfull \hbox (badness 1824) in paragraph at lines 444--445
\OT1/cmr/m/n/8.03 mechanism to connect variant-level observations with external
 []


Underfull \hbox (badness 5161) in paragraph at lines 444--445
\OT1/cmr/m/n/8.03 biomedical resources (e.g., phenotype and pharmacogenomic
 []

[7
Non-PDF special ignored!
<special> ps: [{ThisPage} << /CropBox [0 0 595.82918 782.7922] >> /PUT pdfm...
]
Underfull \hbox (badness 1308) in paragraph at lines 451--453
\OT1/cmr/m/n/8.03 of converting VCF data into RDF using declarative semantic
 []


Underfull \hbox (badness 1043) in paragraph at lines 451--453
\OT1/cmr/m/n/8.03 mappings. Beyond feasibility, however, the broader impact of
 []


Underfull \hbox (badness 2799) in paragraph at lines 454--457
\OT1/cmr/m/n/8.03 workflows, graph-based representations allow variant data to
 []


Underfull \hbox (badness 2426) in paragraph at lines 454--457
\OT1/cmr/m/n/8.03 be directly linked to phenotype databases, pharmacogenomic
 []


Underfull \hbox (badness 1292) in paragraph at lines 454--457
\OT1/cmr/m/n/8.03 resources, curated knowledge bases, and governance metadata
 []


Underfull \hbox (badness 1270) in paragraph at lines 454--457
\OT1/cmr/m/n/8.03 using shared identifiers and ontological terms. This creates a
 []


Underfull \hbox (badness 2245) in paragraph at lines 458--461
\OT1/cmr/m/n/8.03 may further support fine-grained access control and selective
 []


Underfull \hbox (badness 2065) in paragraph at lines 458--461
\OT1/cmr/m/n/8.03 data disclosure. By associating variant-level or genotype-level
 []


Underfull \hbox (badness 3168) in paragraph at lines 458--461
\OT1/cmr/m/n/8.03 such as ODRL or Web Access Control mechanisms, RDF-
 []


Underfull \hbox (badness 2197) in paragraph at lines 473--476
[]\OT1/cmr/m/n/8.03 Ultimately, a compelling prospective technology that could
 []


Underfull \hbox (badness 1292) in paragraph at lines 479--481
\OT1/cmr/m/n/8.03 genomic data infrastructures that support scalable integration,
 []


Underfull \hbox (badness 2913) in paragraph at lines 479--481
\OT1/cmr/m/n/8.03 comprehensive semantic models and more advanced mapping
 []


Underfull \hbox (badness 3514) in paragraph at lines 479--481
\OT1/cmr/m/n/8.03 increasingly suitable for sophisticated query-driven workflows,
 []


Underfull \hbox (badness 1406) in paragraph at lines 486--488
\OT1/cmr/m/n/8.03 This work is supported in part by funds from the Research
 []


Underfull \hbox (badness 1092) in paragraph at lines 493--498
\OT1/cmr/m/n/8.03 E.C. and G.E. conceived the tool and the experiments. E.C.
 []

(./main.bbl [8
Non-PDF special ignored!
<special> ps: [{ThisPage} << /CropBox [0 0 595.82918 782.7922] >> /PUT pdfm...
]
Underfull \hbox (badness 1215) in paragraph at lines 46--51
[]\OT1/cmr/m/n/7.77905 Alexandrina Bodrug-Schepers, Hugo Chabane, Gabriela
 []


Underfull \hbox (badness 1048) in paragraph at lines 46--51
\OT1/cmr/m/n/7.77905 Serrano-Alvarado.  Semantic Beacons: a framework to
 []


Underfull \hbox (badness 3158) in paragraph at lines 53--59
\OT1/cmr/m/n/7.77905 Bonnal, Robert Buels, Robert Hoehndorf, Takatomo
 []


Underfull \hbox (badness 1584) in paragraph at lines 53--59
\OT1/cmr/m/n/7.77905 Fujisawa, Toshiaki Katayama, and Peter J. A. Cock.
 []


Underfull \hbox (badness 1178) in paragraph at lines 102--105
[]\OT1/cmr/m/n/7.77905 Pieter Heyvaert, Dylan Van Assche, Ben De Meester,
 []


Underfull \vbox (badness 10000) has occurred while \output is active []


Underfull \hbox (badness 1418) in paragraph at lines 111--118
\OT1/cmr/m/it/7.77905 Management\OT1/cmr/m/n/7.77905 , pages 3039--3046, Virtual Event Ireland,
 []


Underfull \hbox (badness 3838) in paragraph at lines 120--137
\OT1/cmr/m/n/7.77905 Alejandra Gonzalez-Beltran, Philip C. Griffin, Bj^^?orn
 []


Underfull \hbox (badness 2111) in paragraph at lines 120--137
\OT1/cmr/m/n/7.77905 Stian Soiland-Reyes, Alexey Sokolov, Andreas Struck,
 []


Underfull \hbox (badness 1442) in paragraph at lines 120--137
\OT1/cmr/m/n/7.77905 Brack, Marta W. Muelas, Alexander D. Diehl, Jean-
 []


Underfull \hbox (badness 4084) in paragraph at lines 166--180
\OT1/cmr/m/n/7.77905 Fr^^Sed^^Seric Burdet, Katrin Crameri, J^^Ser^ome Dauvillier,
 []


Underfull \hbox (badness 7064) in paragraph at lines 166--180
\OT1/cmr/m/n/7.77905 Kristin Gnodtke, Catherine Hayes, Mark Ibberson,
 []


Underfull \hbox (badness 3701) in paragraph at lines 166--180
\OT1/cmr/m/n/7.77905 Florence Mehl, Tarcisio Mendes De Farias*, Pierre-
 []


Underfull \vbox (badness 10000) has occurred while \output is active []

 [9
Non-PDF special ignored!
<special> ps: [{ThisPage} << /CropBox [0 0 595.82918 782.7922] >> /PUT pdfm...
]
Underfull \hbox (badness 1215) in paragraph at lines 182--192
\OT1/cmr/m/n/7.77905 Zandra C. Deans, Yasemin Dincer, Sebastian H. Eck,
 []


Underfull \hbox (badness 4013) in paragraph at lines 194--201
\OT1/cmr/m/n/7.77905 and Nikita Kozlov.  Jelly: a fast and convenient
 []


Underfull \hbox (badness 5231) in paragraph at lines 194--201
\OT1/cmr/m/n/7.77905 rdf serialization format.  In \OT1/cmr/m/it/7.77905 Joint Proceedings of
 []

) [10
Non-PDF special ignored!
<special> ps: [{ThisPage} << /CropBox [0 0 595.82918 782.7922] >> /PUT pdfm...

] (./main.aux)
 ***********
LaTeX2e <2025-11-01>
L3 programming layer <2026-01-19>
 ***********
Package rerunfilecheck Info: File `main.out' has not changed.
(rerunfilecheck)             Checksum: FB391AEDFC70B1329567DB2BD4D7EB39;4251.
 ) 
Here is how much of TeX's memory you used:
 31036 strings out of 467525
 627092 string characters out of 5418982
 1215538 words of memory out of 5000000
 59360 multiletter control sequences out of 15000+600000
 665482 words of font info for 189 fonts, out of 8000000 for 9000
 1145 hyphenation exceptions out of 8191
 99i,12n,108p,17405b,1261s stack positions out of 10000i,1000n,20000p,200000b,200000s
</usr/local/texlive/2026/texmf-dist/fonts/type1/public/amsfonts/cm/cmr7.pfb></usr/local/texlive/2026/texmf-dist/fonts/type1/public/amsfonts/cm/cmr8.pfb></usr/local/texlive/2026/texmf-dist/fonts/type1/public/amsfonts/cm/cmss10.pfb></usr/local/texlive/2026/texmf-dist/fonts/type1/public/amsfonts/cm/cmss12.pfb></usr/local/texlive/2026/texmf-dist/fonts/type1/public/amsfonts/cm/cmss8.pfb></usr/local/texlive/2026/texmf-dist/fonts/type1/public/amsfonts/cm/cmss9.pfb></usr/local/texlive/2026/texmf-dist/fonts/type1/public/amsfonts/cm/cmssbx10.pfb></usr/local/texlive/2026/texmf-dist/fonts/type1/public/amsfonts/cm/cmssi8.pfb></usr/local/texlive/2026/texmf-dist/fonts/type1/public/amsfonts/cm/cmssi9.pfb></usr/local/texlive/2026/texmf-dist/fonts/type1/public/amsfonts/cm/cmsy5.pfb></usr/local/texlive/2026/texmf-dist/fonts/type1/public/amsfonts/cm/cmsy8.pfb></usr/local/texlive/2026/texmf-dist/fonts/type1/public/amsfonts/cm/cmti7.pfb></usr/local/texlive/2026/texmf-dist/fonts/type1/public/amsfonts/cm/cmti8.pfb></usr/local/texlive/2026/texmf-dist/fonts/type1/public/amsfonts/cm/cmtt8.pfb></usr/local/texlive/2026/texmf-dist/fonts/type1/public/cm-super/sfss0800.pfb>
Output written on main.pdf (10 pages, 687714 bytes).
PDF statistics:
 495 PDF objects out of 1000 (max. 8388607)
 392 compressed objects within 4 object streams
 85 named destinations out of 1000 (max. 500000)
 236 words of extra memory for PDF output out of 10000 (max. 10000000)

