\BOOKMARK [1][-]{section.1}{\376\377\000I\000n\000t\000r\000o\000d\000u\000c\000t\000i\000o\000n}{}% 1
\BOOKMARK [1][-]{section.2}{\376\377\000V\000C\000F\000-\000R\000D\000F\000i\000z\000e\000r\000\040\000C\000L\000I\000\040\000T\000o\000o\000l}{}% 2
\BOOKMARK [2][-]{subsection.2.1}{\376\377\000S\000e\000m\000a\000n\000t\000i\000c\000\040\000M\000o\000d\000e\000l}{section.2}% 3
\BOOKMARK [2][-]{subsection.2.2}{\376\377\000T\000o\000o\000l\000\040\000W\000o\000r\000k\000f\000l\000o\000w}{section.2}% 4
\BOOKMARK [2][-]{subsection.2.3}{\376\377\000T\000o\000o\000l\000\040\000T\000e\000s\000t\000i\000n\000g}{section.2}% 5
\BOOKMARK [3][-]{subsubsection.2.3.1}{\376\377\000V\000C\000F\000\040\000T\000e\000s\000t\000\040\000D\000a\000t\000a}{subsection.2.3}% 6
\BOOKMARK [3][-]{subsubsection.2.3.2}{\376\377\000T\000e\000s\000t\000i\000n\000g\000\040\000E\000n\000v\000i\000r\000o\000n\000m\000e\000n\000t}{subsection.2.3}% 7
\BOOKMARK [1][-]{section.3}{\376\377\000R\000e\000s\000u\000l\000t\000s}{}% 8
\BOOKMARK [2][-]{subsection.3.1}{\376\377\000V\000C\000F\000-\000R\000D\000F\000i\000z\000e\000r\000\040\000-\000\040\000G\000e\000n\000e\000r\000a\000l\000\040\000P\000e\000r\000f\000o\000r\000m\000a\000n\000c\000e\000\040\000O\000b\000s\000e\000r\000v\000a\000t\000i\000o\000n\000s}{section.3}% 9
\BOOKMARK [2][-]{subsection.3.2}{\376\377\000V\000C\000F\000\040\000T\000S\000V\000\040\000I\000n\000t\000e\000r\000m\000e\000d\000i\000a\000t\000e\000s}{section.3}% 10
\BOOKMARK [2][-]{subsection.3.3}{\376\377\000R\000M\000L\000S\000t\000r\000e\000a\000m\000e\000r\000\040\000R\000D\000F\000\040\000G\000e\000n\000e\000r\000a\000t\000i\000o\000n\000\040\000P\000e\000r\000f\000o\000r\000m\000a\000n\000c\000e}{section.3}% 11
\BOOKMARK [2][-]{subsection.3.4}{\376\377\000D\000a\000t\000a\000\040\000C\000o\000m\000p\000r\000e\000s\000s\000i\000o\000n}{section.3}% 12
\BOOKMARK [3][-]{subsubsection.3.4.1}{\376\377\000H\000D\000T\000\040\000C\000o\000m\000p\000r\000e\000s\000s\000i\000o\000n}{subsection.3.4}% 13
\BOOKMARK [3][-]{subsubsection.3.4.2}{\376\377\000G\000z\000i\000p\000\040\000C\000o\000m\000p\000r\000e\000s\000s\000i\000o\000n}{subsection.3.4}% 14
\BOOKMARK [3][-]{subsubsection.3.4.3}{\376\377\000B\000r\000o\000t\000l\000i\000\040\000C\000o\000m\000p\000r\000e\000s\000s\000i\000o\000n}{subsection.3.4}% 15
\BOOKMARK [3][-]{subsubsection.3.4.4}{\376\377\000C\000o\000m\000p\000o\000u\000n\000d\000\040\000C\000o\000m\000p\000r\000e\000s\000s\000i\000o\000n}{subsection.3.4}% 16
\BOOKMARK [1][-]{section.4}{\376\377\000D\000i\000s\000c\000u\000s\000s\000i\000o\000n}{}% 17
\BOOKMARK [2][-]{subsection.4.1}{\376\377\000R\000e\000s\000e\000a\000r\000c\000h\000\040\000S\000o\000f\000t\000w\000a\000r\000e\000\040\000P\000u\000b\000l\000i\000s\000h\000i\000n\000g\000\040\000P\000r\000a\000c\000t\000i\000c\000e\000s}{section.4}% 18
\BOOKMARK [2][-]{subsection.4.2}{\376\377\000I\000m\000p\000l\000i\000c\000a\000t\000i\000o\000n\000s\000\040\000f\000o\000r\000\040\000U\000s\000e\000r\000s\000\040\000R\000u\000n\000n\000i\000n\000g\000\040\000C\000o\000n\000v\000e\000r\000s\000i\000o\000n}{section.4}% 19
\BOOKMARK [2][-]{subsection.4.3}{\376\377\000I\000m\000p\000l\000i\000c\000a\000t\000i\000o\000n\000s\000\040\000f\000o\000r\000\040\000R\000D\000F\000\040\000G\000e\000n\000o\000m\000i\000c\000\040\000W\000o\000r\000k\000f\000l\000o\000w\000s}{section.4}% 20
\BOOKMARK [2][-]{subsection.4.4}{\376\377\000I\000m\000p\000a\000c\000t\000\040\000a\000n\000d\000\040\000F\000u\000t\000u\000r\000e\000\040\000W\000o\000r\000k}{section.4}% 21
\BOOKMARK [1][-]{section.5}{\376\377\000C\000o\000n\000f\000l\000i\000c\000t\000s\000\040\000o\000f\000\040\000i\000n\000t\000e\000r\000e\000s\000t}{}% 22
\BOOKMARK [1][-]{section.6}{\376\377\000F\000u\000n\000d\000i\000n\000g}{}% 23
\BOOKMARK [1][-]{section.7}{\376\377\000D\000a\000t\000a\000\040\000a\000v\000a\000i\000l\000a\000b\000i\000l\000i\000t\000y}{}% 24
\BOOKMARK [1][-]{section.8}{\376\377\000A\000u\000t\000h\000o\000r\000\040\000c\000o\000n\000t\000r\000i\000b\000u\000t\000i\000o\000n\000s\000\040\000s\000t\000a\000t\000e\000m\000e\000n\000t}{}% 25
\BOOKMARK [1][-]{section.9}{\376\377\000A\000c\000k\000n\000o\000w\000l\000e\000d\000g\000m\000e\000n\000t\000s}{}% 26
